<?xml version="1.0" encoding="UTF-8"?>
<!-- Generated by org.testng.reporters.JUnitXMLReporter -->
<testsuite ignored="9" hostname="Dell" failures="0" tests="1" name="Default test" time="9.124" errors="0" timestamp="2025-08-29T09:30:41 IST">
  <testcase classname="com.orangehrm.test.LoginOrangeHrm" name="question5_Alertpopup" time="3.868"/>
  <testcase classname="com.orangehrm.test.LoginOrangeHrm" name="question1_google" time="0.0">
    <ignored/>
  </testcase> <!-- question1_google -->
  <testcase classname="com.orangehrm.test.LoginOrangeHrm" name="verifylogin" time="0.0">
    <ignored/>
  </testcase> <!-- verifylogin -->
  <testcase classname="com.orangehrm.test.LoginOrangeHrm" name="question7_WebTableExtraction" time="0.0">
    <ignored/>
  </testcase> <!-- question7_WebTableExtraction -->
  <testcase classname="com.orangehrm.test.LoginOrangeHrm" name="question6_Checkbox" time="0.0">
    <ignored/>
  </testcase> <!-- question6_Checkbox -->
  <testcase classname="com.orangehrm.test.LoginOrangeHrm" name="question3_productdetails" time="0.0">
    <ignored/>
  </testcase> <!-- question3_productdetails -->
  <testcase classname="com.orangehrm.test.LoginOrangeHrm" name="question4_Dropdown" time="0.0">
    <ignored/>
  </testcase> <!-- question4_Dropdown -->
  <testcase classname="com.orangehrm.test.LoginOrangeHrm" name="question2_Login" time="0.0">
    <ignored/>
  </testcase> <!-- question2_Login -->
  <testcase classname="com.orangehrm.test.LoginOrangeHrm" name="question9_Screenshot" time="0.0">
    <ignored/>
  </testcase> <!-- question9_Screenshot -->
  <testcase classname="com.orangehrm.test.LoginOrangeHrm" name="question8_windowHandaling" time="0.0">
    <ignored/>
  </testcase> <!-- question8_windowHandaling -->
</testsuite> <!-- Default test -->
