<?xml version="1.0" encoding="UTF-8"?>
<!-- Generated by org.testng.reporters.JUnitXMLReporter -->
<testsuite ignored="0" hostname="Dell" failures="1" tests="1" name="Test" time="0.237" errors="0" timestamp="2025-08-23T16:30:37 IST">
  <testcase classname="com.orangehrm.test.LoginOrangeHrm" name="verifylogin" time="0.0">
    <failure type="java.lang.RuntimeException" message="java.lang.NoSuchMethodError: &amp;apos;org.apache.commons.io.output.UnsynchronizedByteArrayOutputStream$Builder org.apache.commons.io.output.UnsynchronizedByteArrayOutputStream.builder()&amp;apos;">
      <![CDATA[java.lang.RuntimeException: java.lang.NoSuchMethodError: 'org.apache.commons.io.output.UnsynchronizedByteArrayOutputStream$Builder org.apache.commons.io.output.UnsynchronizedByteArrayOutputStream.builder()'
at java.base/java.util.ArrayList.forEach(ArrayList.java:1596)
Caused by: java.lang.NoSuchMethodError: 'org.apache.commons.io.output.UnsynchronizedByteArrayOutputStream$Builder org.apache.commons.io.output.UnsynchronizedByteArrayOutputStream.builder()'
at org.apache.poi.util.IOUtils.peekFirstNBytes(IOUtils.java:152)
at org.apache.poi.poifs.filesystem.FileMagic.valueOf(FileMagic.java:209)
at org.apache.poi.openxml4j.opc.internal.ZipHelper.verifyZipHeader(ZipHelper.java:147)
at org.apache.poi.openxml4j.opc.internal.ZipHelper.openZipStream(ZipHelper.java:191)
at org.apache.poi.openxml4j.opc.ZipPackage.<init>(ZipPackage.java:210)
at org.apache.poi.openxml4j.opc.OPCPackage.open(OPCPackage.java:517)
at org.apache.poi.openxml4j.opc.OPCPackage.open(OPCPackage.java:490)
at org.apache.poi.ooxml.util.PackageHelper.open(PackageHelper.java:67)
at org.apache.poi.xssf.usermodel.XSSFWorkbook.<init>(XSSFWorkbook.java:315)
at org.apache.poi.xssf.usermodel.XSSFWorkbook.<init>(XSSFWorkbook.java:289)
at com.orangehrm.utilities.ExcelUtiles.getdata(ExcelUtiles.java:14)
at com.orangehrm.test.LoginOrangeHrm.logindata(LoginOrangeHrm.java:51)
... 25 more
... Removed 30 stack frames]]>
    </failure>
  </testcase> <!-- verifylogin -->
</testsuite> <!-- Test -->
