<?xml version="1.0" encoding="UTF-8"?>
<testng-results ignored="0" total="1" passed="1" failed="0" skipped="0">
  <reporter-output>
  </reporter-output>
  <suite started-at="2025-08-29T12:43:53 IST" name="Suite" finished-at="2025-08-29T12:43:57 IST" duration-ms="4797">
    <groups>
    </groups>
    <test started-at="2025-08-29T12:43:53 IST" name="Test" finished-at="2025-08-29T12:43:57 IST" duration-ms="4797">
      <class name="AssessmentPractice.Q9_SeleniumScreenshotts">
        <test-method is-config="true" signature="beforeSuite()[pri:0, instance:AssessmentPractice.Q9_SeleniumScreenshotts@7b98f307]" started-at="2025-08-29T12:43:53 IST" name="beforeSuite" finished-at="2025-08-29T12:43:53 IST" duration-ms="15" status="PASS">
          <reporter-output>
          </reporter-output>
        </test-method> <!-- beforeSuite -->
        <test-method is-config="true" signature="beforeTest()[pri:0, instance:AssessmentPractice.Q9_SeleniumScreenshotts@7b98f307]" started-at="2025-08-29T12:43:53 IST" name="beforeTest" finished-at="2025-08-29T12:43:53 IST" duration-ms="0" status="PASS">
          <reporter-output>
          </reporter-output>
        </test-method> <!-- beforeTest -->
        <test-method is-config="true" signature="beforeClass()[pri:0, instance:AssessmentPractice.Q9_SeleniumScreenshotts@7b98f307]" started-at="2025-08-29T12:43:53 IST" name="beforeClass" finished-at="2025-08-29T12:43:53 IST" duration-ms="1" status="PASS">
          <reporter-output>
          </reporter-output>
        </test-method> <!-- beforeClass -->
        <test-method is-config="true" signature="beforeMethod()[pri:0, instance:AssessmentPractice.Q9_SeleniumScreenshotts@7b98f307]" started-at="2025-08-29T12:43:53 IST" name="beforeMethod" finished-at="2025-08-29T12:43:57 IST" duration-ms="4438" status="PASS">
          <reporter-output>
          </reporter-output>
        </test-method> <!-- beforeMethod -->
        <test-method signature="Screenshot()[pri:0, instance:AssessmentPractice.Q9_SeleniumScreenshotts@7b98f307]" started-at="2025-08-29T12:43:57 IST" name="Screenshot" finished-at="2025-08-29T12:43:57 IST" duration-ms="296" status="PASS">
          <reporter-output>
          </reporter-output>
        </test-method> <!-- Screenshot -->
        <test-method is-config="true" signature="afterMethod()[pri:0, instance:AssessmentPractice.Q9_SeleniumScreenshotts@7b98f307]" started-at="2025-08-29T12:43:57 IST" name="afterMethod" finished-at="2025-08-29T12:43:57 IST" duration-ms="1" status="PASS">
          <reporter-output>
          </reporter-output>
        </test-method> <!-- afterMethod -->
        <test-method is-config="true" signature="afterClass()[pri:0, instance:AssessmentPractice.Q9_SeleniumScreenshotts@7b98f307]" started-at="2025-08-29T12:43:57 IST" name="afterClass" finished-at="2025-08-29T12:43:57 IST" duration-ms="4" status="PASS">
          <reporter-output>
          </reporter-output>
        </test-method> <!-- afterClass -->
        <test-method is-config="true" signature="afterTest()[pri:0, instance:AssessmentPractice.Q9_SeleniumScreenshotts@7b98f307]" started-at="2025-08-29T12:43:57 IST" name="afterTest" finished-at="2025-08-29T12:43:57 IST" duration-ms="2" status="PASS">
          <reporter-output>
          </reporter-output>
        </test-method> <!-- afterTest -->
        <test-method is-config="true" signature="afterSuite()[pri:0, instance:AssessmentPractice.Q9_SeleniumScreenshotts@7b98f307]" started-at="2025-08-29T12:43:57 IST" name="afterSuite" finished-at="2025-08-29T12:43:57 IST" duration-ms="1" status="PASS">
          <reporter-output>
          </reporter-output>
        </test-method> <!-- afterSuite -->
      </class> <!-- AssessmentPractice.Q9_SeleniumScreenshotts -->
    </test> <!-- Test -->
  </suite> <!-- Suite -->
</testng-results>
