<?xml version="1.0" encoding="UTF-8"?>
<testng-results ignored="9" total="10" passed="1" failed="0" skipped="0">
  <reporter-output>
  </reporter-output>
  <suite started-at="2025-08-29T09:30:32 IST" name="Default suite" finished-at="2025-08-29T09:30:41 IST" duration-ms="9124">
    <groups>
    </groups>
    <test started-at="2025-08-29T09:30:32 IST" name="Default test" finished-at="2025-08-29T09:30:41 IST" duration-ms="9124">
      <class name="com.orangehrm.test.LoginOrangeHrm">
        <test-method is-config="true" signature="setupreport()[pri:0, instance:com.orangehrm.test.LoginOrangeHrm@45b4c3a9]" started-at="2025-08-29T09:30:32 IST" name="setupreport" finished-at="2025-08-29T09:30:32 IST" duration-ms="343" status="PASS">
          <reporter-output>
          </reporter-output>
        </test-method> <!-- setupreport -->
        <test-method is-config="true" signature="setup()[pri:0, instance:com.orangehrm.test.LoginOrangeHrm@45b4c3a9]" started-at="2025-08-29T09:30:32 IST" name="setup" finished-at="2025-08-29T09:30:37 IST" duration-ms="4938" status="PASS">
          <reporter-output>
          </reporter-output>
        </test-method> <!-- setup -->
        <test-method signature="question5_Alertpopup()[pri:0, instance:com.orangehrm.test.LoginOrangeHrm@45b4c3a9]" started-at="2025-08-29T09:30:37 IST" name="question5_Alertpopup" finished-at="2025-08-29T09:30:41 IST" duration-ms="3868" status="PASS">
          <reporter-output>
          </reporter-output>
        </test-method> <!-- question5_Alertpopup -->
        <test-method is-config="true" signature="teardown()[pri:0, instance:com.orangehrm.test.LoginOrangeHrm@45b4c3a9]" started-at="2025-08-29T09:30:41 IST" name="teardown" finished-at="2025-08-29T09:30:41 IST" duration-ms="269" status="PASS">
          <reporter-output>
          </reporter-output>
        </test-method> <!-- teardown -->
        <test-method is-config="true" signature="flushreport()[pri:0, instance:com.orangehrm.test.LoginOrangeHrm@45b4c3a9]" started-at="2025-08-29T09:30:41 IST" name="flushreport" finished-at="2025-08-29T09:30:42 IST" duration-ms="388" status="PASS">
          <reporter-output>
          </reporter-output>
        </test-method> <!-- flushreport -->
      </class> <!-- com.orangehrm.test.LoginOrangeHrm -->
    </test> <!-- Default test -->
  </suite> <!-- Default suite -->
</testng-results>
